#-----------------------------------------------------------
# Vivado v2018.3 (64-bit)
# SW Build 2405991 on Thu Dec  6 23:38:27 MST 2018
# IP Build 2404404 on Fri Dec  7 01:43:56 MST 2018
# Start of session at: Fri Jul  2 12:34:52 2021
# Process ID: 15232
# Current directory: D:/Computer Organization/project_16
# Command line: vivado.exe -gui_launcher_event rodinguilauncherevent19708 D:\Computer Organization\project_16\project_16.xpr
# Log file: D:/Computer Organization/project_16/vivado.log
# Journal file: D:/Computer Organization/project_16\vivado.jou
#-----------------------------------------------------------
start_gui
open_project {D:/Computer Organization/project_16/project_16.xpr}
Scanning sources...
Finished scanning sources
INFO: [IP_Flow 19-234] Refreshing IP repositories
INFO: [IP_Flow 19-1704] No user IP repositories specified
INFO: [IP_Flow 19-2313] Loaded Vivado IP repository 'D:/vivado/Vivado2018/Vivado/2018.3/data/ip'.
open_project: Time (s): cpu = 00:00:20 ; elapsed = 00:00:07 . Memory (MB): peak = 670.387 ; gain = 63.859
update_compile_order -fileset sources_1
exit
INFO: [Common 17-206] Exiting Vivado at Fri Jul  2 12:35:25 2021...
